xmlRelaxNGComputeInterleaves(interleave0)
  6 child
  6 groups
xmlRelaxNGValidateDefinition(): validated title : 0
xmlRelaxNGValidateDefinition(): validated base : 0
xmlRelaxNGValidateDefinition(): validated style : 0
xmlRelaxNGValidateDefinition(): validated style : 0
xmlRelaxNGValidateDefinition(): validated style : 0
xmlRelaxNGValidateDefinition(): validated style : 0
xmlRelaxNGValidateDefinition(): validated style : 0
xmlRelaxNGValidateDefinition(): validated style : 0
xmlRelaxNGValidateDefinition(): validated style : 0
xmlRelaxNGValidateDefinition(): validated style : 0
xmlRelaxNGValidateDefinition(): validated script : 0
xmlRelaxNGValidateDefinition(): validated script : 0
xmlRelaxNGValidateDefinition(): validated script : 0
xmlRelaxNGValidateDefinition(): validated script : 0
xmlRelaxNGValidateDefinition(): validated script : 0
xmlRelaxNGValidateDefinition(): validated script : 0
xmlRelaxNGValidateDefinition(): validated script : 0
xmlRelaxNGValidateDefinition(): validated script : 0
xmlRelaxNGValidateDefinition(): validated link : 0
xmlRelaxNGValidateDefinition(): validated link : 0
xmlRelaxNGValidateDefinition(): validated link : 0
xmlRelaxNGValidateDefinition(): validated link : 0
xmlRelaxNGValidateDefinition(): validated link : 0
xmlRelaxNGValidateDefinition(): validated link : 0
xmlRelaxNGValidateDefinition(): validated link : 0
xmlRelaxNGValidateDefinition(): validated link : 0
xmlRelaxNGValidateDefinition(): validated meta : 0
xmlRelaxNGValidateDefinition(): validated meta : 0
xmlRelaxNGValidateDefinition(): validated meta : 0
xmlRelaxNGValidateDefinition(): validated meta : 0
xmlRelaxNGValidateDefinition(): validated meta : 0
xmlRelaxNGValidateDefinition(): validated meta : 0
xmlRelaxNGValidateDefinition(): validated meta : 0
xmlRelaxNGValidateDefinition(): validated meta : 0
xmlRelaxNGValidateDefinition(): validated head : 0
