./test/HTML/wired.html:170: HTML parser error : Unexpected end tag : form
	</tr>    </form>
	                ^
./test/HTML/wired.html:265: HTML parser error : Unexpected end tag : form
        </tr>  </form>
                      ^
./test/HTML/wired.html:346: HTML parser error : Opening and ending tag mismatch: td and font
</td>
     ^
./test/HTML/wired.html:374: HTML parser error : Opening and ending tag mismatch: td and font
Readers on Apple's G4 ... AOL's passwords ... MS vs. Linux.</font><br><br>  </td
                                                                               ^
./test/HTML/wired.html:374: HTML parser error : Opening and ending tag mismatch: td and font
Readers on Apple's G4 ... AOL's passwords ... MS vs. Linux.</font><br><br>  </td
                                                                               ^
./test/HTML/wired.html:402: HTML parser error : Opening and ending tag mismatch: a and font
w.vignette.com/" style="text-decoration:none"><font color="#000000">Vignette</a>
                                                                               ^
./test/HTML/wired.html:408: HTML parser error : Opening and ending tag mismatch: a and font
com&BANNER=Sprint" style="text-decoration:none"><font color="#000000">Sprint</a>
                                                                               ^
./test/HTML/wired.html:408: HTML parser error : Unexpected end tag : font<
" style="text-decoration:none"><font color="#000000">Sprint</a></i></font</font>
                                                                               ^
./test/HTML/wired.html:414: HTML parser error : Opening and ending tag mismatch: td and font
</td>
     ^
./test/HTML/wired.html:414: HTML parser error : Opening and ending tag mismatch: td and font
</td>
     ^
./test/HTML/wired.html:414: HTML parser error : Opening and ending tag mismatch: td and font
</td>
     ^
./test/HTML/wired.html:414: HTML parser error : Opening and ending tag mismatch: td and font
</td>
     ^
./test/HTML/wired.html:414: HTML parser error : Opening and ending tag mismatch: td and font
</td>
     ^
./test/HTML/wired.html:414: HTML parser error : Opening and ending tag mismatch: td and font
</td>
     ^
./test/HTML/wired.html:414: HTML parser error : Opening and ending tag mismatch: td and font
</td>
     ^
./test/HTML/wired.html:414: HTML parser error : Opening and ending tag mismatch: td and font
</td>
     ^
./test/HTML/wired.html:414: HTML parser error : Opening and ending tag mismatch: td and font
</td>
     ^
./test/HTML/wired.html:414: HTML parser error : Opening and ending tag mismatch: td and font
</td>
     ^
