Entity: line 1: parser error : Space required after '<!ENTITY'
 %zz; 
     ^
Entity: line 1: 
<!ENTITY<?xDOCTYPEm~?>
        ^
Entity: line 1: parser error : xmlParseEntityDecl: no name
 %zz; 
     ^
Entity: line 1: 
<!ENTITY<?xDOCTYPEm~?>
        ^
Entity: line 1: parser error : ParsePI: PI xDOCTYPEm space expected
 %zz; 
     ^
Entity: line 1: 
<!ENTITY<?xDOCTYPEm~?>
                   ^
Entity: line 1: parser error : Space required after '<!ENTITY'
 %zz; 
     ^
Entity: line 1: 
<!ENTITY<?xDOCTYPEm~?>
        ^
Entity: line 1: parser error : xmlParseEntityDecl: no name
 %zz; 
     ^
Entity: line 1: 
<!ENTITY<?xDOCTYPEm~?>
        ^
Entity: line 1: parser error : ParsePI: PI xDOCTYPEm space expected
 %zz; 
     ^
Entity: line 1: 
<!ENTITY<?xDOCTYPEm~?>
                   ^
Entity: line 1: parser error : Space required after 'ELEMENT'
 %xx; 
     ^
Entity: line 3: 
%zz;<!ELEMENTD(%MENT%MENTDÅ¹MENTD%zNMT9KENSMYSYSTEM;MENT9%zz;
             ^
Entity: line 1: parser error : Content error in the external subset
 %xx; 
     ^
Entity: line 3: 
%zz;<!ELEMENTD(%MENT%MENTDÅ¹MENTD%zNMT9KENSMYSYSTEM;MENT9%zz;
             ^
./test/errors/759573-2.xml:6: parser error : internal error: xmlParseInternalSubset: error detected in Markup declaration

%xx;ÿggKENSMYNT&#35;MENTD&#372zz;'>
    ^
./test/errors/759573-2.xml:6: parser error : DOCTYPE improperly terminated
%xx;ÿggKENSMYNT&#35;MENTD&#372zz;'>
    ^
./test/errors/759573-2.xml:6: parser error : Start tag expected, '<' not found
%xx;ÿggKENSMYNT&#35;MENTD&#372zz;'>
    ^
