compilation error: file ./test/schemas/dur_0.xsd line 67 element minOccurs
Restriction restriction 16 has unexpected content
compilation error
Schemas: element year2 have both type and subtype
compilation error
Schemas: element second1 have both type and subtype
compilation error
Schemas: element second2 have both type and subtype
compilation error
Schemas: element month1 have both type and subtype
compilation error
Schemas: element month2 have both type and subtype
compilation error
Schemas: element year1 have both type and subtype
Type of restriction 15 : ./test/schemas/dur_0.xsd:55 :empty
Type of restriction 5 : ./test/schemas/dur_0.xsd:14 :empty
Type of simpletype14 : ./test/schemas/dur_0.xsd:54 :simple
Type of restriction 16 : ./test/schemas/dur_0.xsd:66 :empty
Type of choice 3 : ./test/schemas/dur_0.xsd:11 :elements
Type of simpletype4 : ./test/schemas/dur_0.xsd:13 :simple
Type of restriction 7 : ./test/schemas/dur_0.xsd:22 :empty
Type of simpletype6 : ./test/schemas/dur_0.xsd:21 :simple
Type of restriction 9 : ./test/schemas/dur_0.xsd:30 :empty
Type of simpletype8 : ./test/schemas/dur_0.xsd:29 :simple
Type of restriction 11 : ./test/schemas/dur_0.xsd:38 :empty
Type of sequence 2 : ./test/schemas/dur_0.xsd:10 :elements
Type of anontype1 : ./test/schemas/dur_0.xsd:9 :elements
Type of simpletype10 : ./test/schemas/dur_0.xsd:37 :simple
Type of restriction 13 : ./test/schemas/dur_0.xsd:47 :empty
Type of MSD : ./test/schemas/dur_0.xsd:65 :simple
Type of sequence 2 : ./test/schemas/dur_0.xsd:10 :elements
Type of simpletype12 : ./test/schemas/dur_0.xsd:46 :simple
Building content model for duration
Content model of duration:
 regexp: '(null)' 
7 atoms:
 00  atom: string once 'second1' 
 01  atom: string once 'second2' 
 02  atom: string once 'month1' 
 03  atom: string once 'month2' 
 04  atom: string once 'month3' 
 05  atom: string once 'year1' 
 06  atom: string once 'year2' 
10 states:
 state: 0, 7 transitions:
  trans: atom 0, to 3
  trans: atom 1, to 4
  trans: atom 2, to 5
  trans: atom 3, to 6
  trans: atom 4, to 7
  trans: atom 5, to 8
  trans: atom 6, to 9
 state: FINAL 1, 0 transitions:
 state: 2, 9 transitions:
  trans: removed
  trans: count based 0, epsilon to 1
  trans: counted 0, atom 0, to 3
  trans: counted 0, atom 1, to 4
  trans: counted 0, atom 2, to 5
  trans: counted 0, atom 3, to 6
  trans: counted 0, atom 4, to 7
  trans: counted 0, atom 5, to 8
  trans: counted 0, atom 6, to 9
 state: 3, 16 transitions:
  trans: removed
  trans: counted 0, atom 0, to 3
  trans: counted 0, atom 1, to 4
  trans: counted 0, atom 2, to 5
  trans: counted 0, atom 3, to 6
  trans: counted 0, atom 4, to 7
  trans: counted 0, atom 5, to 8
  trans: counted 0, atom 6, to 9
  trans: count based 0, epsilon to 1
  trans: counted 0, atom 0, to 3
  trans: counted 0, atom 1, to 4
  trans: counted 0, atom 2, to 5
  trans: counted 0, atom 3, to 6
  trans: counted 0, atom 4, to 7
  trans: counted 0, atom 5, to 8
  trans: counted 0, atom 6, to 9
 state: 4, 16 transitions:
  trans: removed
  trans: counted 0, atom 0, to 3
  trans: counted 0, atom 1, to 4
  trans: counted 0, atom 2, to 5
  trans: counted 0, atom 3, to 6
  trans: counted 0, atom 4, to 7
  trans: counted 0, atom 5, to 8
  trans: counted 0, atom 6, to 9
  trans: count based 0, epsilon to 1
  trans: counted 0, atom 0, to 3
  trans: counted 0, atom 1, to 4
  trans: counted 0, atom 2, to 5
  trans: counted 0, atom 3, to 6
  trans: counted 0, atom 4, to 7
  trans: counted 0, atom 5, to 8
  trans: counted 0, atom 6, to 9
 state: 5, 16 transitions:
  trans: removed
  trans: counted 0, atom 0, to 3
  trans: counted 0, atom 1, to 4
  trans: counted 0, atom 2, to 5
  trans: counted 0, atom 3, to 6
  trans: counted 0, atom 4, to 7
  trans: counted 0, atom 5, to 8
  trans: counted 0, atom 6, to 9
  trans: count based 0, epsilon to 1
  trans: counted 0, atom 0, to 3
  trans: counted 0, atom 1, to 4
  trans: counted 0, atom 2, to 5
  trans: counted 0, atom 3, to 6
  trans: counted 0, atom 4, to 7
  trans: counted 0, atom 5, to 8
  trans: counted 0, atom 6, to 9
 state: 6, 16 transitions:
  trans: removed
  trans: counted 0, atom 0, to 3
  trans: counted 0, atom 1, to 4
  trans: counted 0, atom 2, to 5
  trans: counted 0, atom 3, to 6
  trans: counted 0, atom 4, to 7
  trans: counted 0, atom 5, to 8
  trans: counted 0, atom 6, to 9
  trans: count based 0, epsilon to 1
  trans: counted 0, atom 0, to 3
  trans: counted 0, atom 1, to 4
  trans: counted 0, atom 2, to 5
  trans: counted 0, atom 3, to 6
  trans: counted 0, atom 4, to 7
  trans: counted 0, atom 5, to 8
  trans: counted 0, atom 6, to 9
 state: 7, 16 transitions:
  trans: removed
  trans: counted 0, atom 0, to 3
  trans: counted 0, atom 1, to 4
  trans: counted 0, atom 2, to 5
  trans: counted 0, atom 3, to 6
  trans: counted 0, atom 4, to 7
  trans: counted 0, atom 5, to 8
  trans: counted 0, atom 6, to 9
  trans: count based 0, epsilon to 1
  trans: counted 0, atom 0, to 3
  trans: counted 0, atom 1, to 4
  trans: counted 0, atom 2, to 5
  trans: counted 0, atom 3, to 6
  trans: counted 0, atom 4, to 7
  trans: counted 0, atom 5, to 8
  trans: counted 0, atom 6, to 9
 state: 8, 16 transitions:
  trans: removed
  trans: counted 0, atom 0, to 3
  trans: counted 0, atom 1, to 4
  trans: counted 0, atom 2, to 5
  trans: counted 0, atom 3, to 6
  trans: counted 0, atom 4, to 7
  trans: counted 0, atom 5, to 8
  trans: counted 0, atom 6, to 9
  trans: count based 0, epsilon to 1
  trans: counted 0, atom 0, to 3
  trans: counted 0, atom 1, to 4
  trans: counted 0, atom 2, to 5
  trans: counted 0, atom 3, to 6
  trans: counted 0, atom 4, to 7
  trans: counted 0, atom 5, to 8
  trans: counted 0, atom 6, to 9
 state: 9, 16 transitions:
  trans: removed
  trans: counted 0, atom 0, to 3
  trans: counted 0, atom 1, to 4
  trans: counted 0, atom 2, to 5
  trans: counted 0, atom 3, to 6
  trans: counted 0, atom 4, to 7
  trans: counted 0, atom 5, to 8
  trans: counted 0, atom 6, to 9
  trans: count based 0, epsilon to 1
  trans: counted 0, atom 0, to 3
  trans: counted 0, atom 1, to 4
  trans: counted 0, atom 2, to 5
  trans: counted 0, atom 3, to 6
  trans: counted 0, atom 4, to 7
  trans: counted 0, atom 5, to 8
  trans: counted 0, atom 6, to 9
1 counters:
 0: min 0 max 1073741823
xmlSchemaValidateCallback: second1, second1, second1
xmlSchemaValidateCallback: second2, second2, second2
xmlSchemaValidateCallback: second2, second2, second2
xmlSchemaValidateCallback: month1, month1, month1
xmlSchemaValidateCallback: month1, month1, month1
xmlSchemaValidateCallback: month2, month2, month2
xmlSchemaValidateCallback: year1, year1, year1
xmlSchemaValidateCallback: year1, year1, year1
Unimplemented block at xmlschemastypes.c:1253
xmlSchemaValidateCallback: year2, year2, year2
xmlSchemaValidateCallback: month3, month3, month3
Element duration content check succeeded
