./test/schemas/element-err_0.xsd:8: element element: Schemas parser error : Element decl.: The attribute 'name' is required but missing.
./test/schemas/element-err_0.xsd:14: element element: Schemas parser error : Element decl. 'foo': The attribute 'ref' is not allowed.
./test/schemas/element-err_0.xsd:14: element element: Schemas parser error : Element decl. 'foo': The attribute 'minOccurs' is not allowed.
./test/schemas/element-err_0.xsd:14: element element: Schemas parser error : Element decl. 'foo': The attribute 'maxOccurs' is not allowed.
./test/schemas/element-err_0.xsd:14: element element: Schemas parser error : Element decl. 'foo': The attribute 'form' is not allowed.
./test/schemas/element-err_0.xsd:14: element element: Schemas parser error : Element decl. 'foo', attribute 'final' [(#all | List of (extension | restriction))]: The value 'fantasy' is not valid.
./test/schemas/element-err_0.xsd:14: element element: Schemas parser error : Element decl. 'foo', attribute 'block' [(#all | List of (extension | restriction | substitution))]: The value 'flute' is not valid.
./test/schemas/element-err_0.xsd:14: element element: Schemas parser error : Element decl. 'foo': The attributes 'default' and 'fixed' are mutually exclusive.
./test/schemas/element-err_0.xsd:22: element element: Schemas parser error : Element ref. 'foo:bar': The attributes 'ref' and 'name' are mutually exclusive.
./test/schemas/element-err_0.xsd:22: element element: Schemas parser error : Element ref. 'foo:bar', attribute 'abstract': Only the attributes 'minOccurs', 'maxOccurs' and 'id' are allowed in addition to 'ref'.
./test/schemas/element-err_0.xsd:22: element element: Schemas parser error : Element ref. 'foo:bar', attribute 'minOccurs': The value must not be greater than the value of 'maxOccurs'.
./test/schemas/element-err_0.xsd:23: element complexType: Schemas parser error : Element ref. 'foo:bar': The content is not valid. Expected is (annotation?).
./test/schemas/element-err_0.xsd:30: element element: Schemas parser error : Element decl. 'myomy': The attribute 'abstract' is not allowed.
./test/schemas/element-err_0.xsd:30: element element: Schemas parser error : Element decl. 'myomy': The attribute 'substitutionGroup' is not allowed.
./test/schemas/element-err_0.xsd:30: element element: Schemas parser error : Element decl. 'myomy': The attribute 'final' is not allowed.
./test/schemas/element-err_0.xsd:30: element element: Schemas parser error : Element decl. 'myomy', attribute 'block' [(#all | List of (extension | restriction | substitution))]: The value 'flute' is not valid.
./test/schemas/element-err_0.xsd:30: element element: Schemas parser error : Element decl. 'myomy': The attributes 'default' and 'fixed' are mutually exclusive.
./test/schemas/element-err_0.xsd:30: element element: Schemas parser error : Element decl. 'myomy', attribute 'maxOccurs': The value must be greater than or equal to 1.
./test/schemas/element-err_0.xsd:31: element complexType: Schemas parser error : Element decl. 'myomy': The attribute 'type' and the <complexType> child are mutually exclusive.
./test/schemas/element-err_0.xsd:32: element simpleType: Schemas parser error : Element decl. 'myomy': The content is not valid. Expected is (annotation?, ((simpleType | complexType)?, (unique | key | keyref)*)).
