Type of sequence 14 : ./test/schemas/seq0_0.xsd:55 :elements
Type of anontype13 : ./test/schemas/seq0_0.xsd:54 :elements
Type of sequence 12 : ./test/schemas/seq0_0.xsd:47 :elements
Type of sequence 4 : ./test/schemas/seq0_0.xsd:15 :elements
Type of anontype3 : ./test/schemas/seq0_0.xsd:14 :elements
Type of sequence 8 : ./test/schemas/seq0_0.xsd:31 :elements
Type of anontype7 : ./test/schemas/seq0_0.xsd:30 :elements
Type of sequence 12 : ./test/schemas/seq0_0.xsd:47 :elements
Type of anontype11 : ./test/schemas/seq0_0.xsd:46 :elements
Type of sequence 10 : ./test/schemas/seq0_0.xsd:39 :elements
Type of sequence 2 : ./test/schemas/seq0_0.xsd:11 :elements
Type of anontype1 : ./test/schemas/seq0_0.xsd:10 :elements
Type of sequence 6 : ./test/schemas/seq0_0.xsd:23 :elements
Type of anontype5 : ./test/schemas/seq0_0.xsd:22 :elements
Type of sequence 8 : ./test/schemas/seq0_0.xsd:31 :elements
Type of sequence 4 : ./test/schemas/seq0_0.xsd:15 :elements
Type of sequence 6 : ./test/schemas/seq0_0.xsd:23 :elements
Type of sequence 10 : ./test/schemas/seq0_0.xsd:39 :elements
Type of anontype9 : ./test/schemas/seq0_0.xsd:38 :elements
Type of sequence 2 : ./test/schemas/seq0_0.xsd:11 :elements
Type of sequence 14 : ./test/schemas/seq0_0.xsd:55 :elements
Building content model for z-o
Building content model for z-3
Building content model for o-o
Building content model for z-u
Building content model for o-u
Building content model for doc
Building content model for o-3
xmlSchemaValidateCallback: z-o, z-o, z-o
xmlSchemaValidateCallback: b, b, b
Element z-o content check succeeded
xmlSchemaValidateCallback: o-o, o-o, o-o
xmlSchemaValidateCallback: c, c, c
Element o-o content check succeeded
xmlSchemaValidateCallback: z-u, z-u, z-u
xmlSchemaValidateCallback: d, d, d
Element z-u content check succeeded
xmlSchemaValidateCallback: o-u, o-u, o-u
xmlSchemaValidateCallback: e, e, e
Element o-u content check succeeded
xmlSchemaValidateCallback: z-3, z-3, z-3
xmlSchemaValidateCallback: f, f, f
Element z-3 content check succeeded
xmlSchemaValidateCallback: o-3, o-3, o-3
xmlSchemaValidateCallback: g, g, g
Element o-3 content check succeeded
xmlSchemaValidateCallback: z-o, z-o, z-o
xmlSchemaValidateCallback: b, b, b
Element z-o content check succeeded
xmlSchemaValidateCallback: o-o, o-o, o-o
xmlSchemaValidateCallback: c, c, c
Element o-o content check succeeded
xmlSchemaValidateCallback: z-u, z-u, z-u
xmlSchemaValidateCallback: d, d, d
xmlSchemaValidateCallback: d, d, d
xmlSchemaValidateCallback: d, d, d
Element z-u content check succeeded
xmlSchemaValidateCallback: o-u, o-u, o-u
xmlSchemaValidateCallback: e, e, e
xmlSchemaValidateCallback: e, e, e
xmlSchemaValidateCallback: e, e, e
Element o-u content check succeeded
xmlSchemaValidateCallback: z-3, z-3, z-3
xmlSchemaValidateCallback: f, f, f
xmlSchemaValidateCallback: f, f, f
xmlSchemaValidateCallback: f, f, f
Element z-3 content check succeeded
xmlSchemaValidateCallback: o-3, o-3, o-3
xmlSchemaValidateCallback: g, g, g
xmlSchemaValidateCallback: g, g, g
xmlSchemaValidateCallback: g, g, g
Element o-3 content check succeeded
xmlSchemaValidateCallback: z-o, z-o, z-o
Element z-o content check succeeded
xmlSchemaValidateCallback: o-o, o-o, o-o
xmlSchemaValidateCallback: c, c, c
Element o-o content check succeeded
xmlSchemaValidateCallback: z-u, z-u, z-u
Element z-u content check succeeded
xmlSchemaValidateCallback: o-u, o-u, o-u
xmlSchemaValidateCallback: e, e, e
Element o-u content check succeeded
xmlSchemaValidateCallback: z-3, z-3, z-3
Element z-3 content check succeeded
xmlSchemaValidateCallback: o-3, o-3, o-3
xmlSchemaValidateCallback: g, g, g
Element o-3 content check succeeded
Element doc content check succeeded
